core/tests/manual/test_all_features.py:15: error: Cannot find implementation or
library stub for module named "curation_app.api"  [import-not-found]
    from curation_app.api import _parse_candidate_from_messages
    ^
core/tests/manual/test_all_features.py:16: error: Cannot find implementation or
library stub for module named "curation_app.conquest_schemas" 
[import-not-found]
    from curation_app.conquest_schemas import get_registry
    ^
core/batch_app/api_server.py:38: note: In module imported here:
models/registry.py: note: In member "__init__" of class "ModelRegistry":
models/registry.py:21: note: By default the bodies of untyped functions are not checked, consider using --check-untyped-defs  [annotation-unchecked]
core/result_handlers/base.py: note: In member "__init__" of class "ResultHandlerRegistry":
core/result_handlers/base.py:109: note: By default the bodies of untyped functions are not checked, consider using --check-untyped-defs  [annotation-unchecked]
core/result_handlers/base.py: note: In member "process_results" of class "ResultHandlerRegistry":
core/result_handlers/base.py:141: error: Too many arguments for "enabled" of
"ResultHandler"  [call-arg]
                if not handler.enabled(metadata):
                       ^~~~~~~~~~~~~~~~~~~~~~~~~
core/result_handlers/base.py:160: error: Incompatible return value type (got
"dict[Callable[[], str], bool]", expected "dict[str, bool]")  [return-value]
            return handler_results
                   ^~~~~~~~~~~~~~~
core/result_handlers/examples/s3_upload.py:31: error: Cannot find
implementation or library stub for module named "result_handlers.base" 
[import-not-found]
    from result_handlers.base import ResultHandler
    ^
core/result_handlers/examples/postgres_insert.py:25: error: Library stubs not
installed for "psycopg2"  [import-untyped]
        import psycopg2
    ^
core/result_handlers/examples/postgres_insert.py:26: error: Library stubs not
installed for "psycopg2.extras"  [import-untyped]
        from psycopg2.extras import execute_batch
    ^
core/result_handlers/examples/postgres_insert.py:26: note: Hint: "python3 -m pip install types-psycopg2"
core/result_handlers/examples/postgres_insert.py:26: note: (or run "mypy --install-types" to install all missing stub packages)
core/result_handlers/examples/postgres_insert.py:31: error: Cannot find
implementation or library stub for module named "result_handlers.base" 
[import-not-found]
    from result_handlers.base import ResultHandler
    ^
core/result_handlers/examples/custom_template.py:24: error: Cannot find
implementation or library stub for module named "result_handlers.base" 
[import-not-found]
    from result_handlers.base import ResultHandler
    ^
core/batch_app/metrics.py: note: In function "track_batch_job":
core/batch_app/metrics.py:263: error: Incompatible default for argument "model"
(default has type "None", argument has type "str")  [assignment]
    def track_batch_job(status: str, model: str = None, duration: float = ...
                                                  ^~~~
core/batch_app/metrics.py:263: note: PEP 484 prohibits implicit Optional. Accordingly, mypy has changed its default to no_implicit_optional=True
core/batch_app/metrics.py:263: note: Use https://github.com/hauntsaninja/no_implicit_optional to automatically upgrade your codebase
core/batch_app/metrics.py:263: error: Incompatible default for argument
"duration" (default has type "None", argument has type "float")  [assignment]
    ...ack_batch_job(status: str, model: str = None, duration: float = None):
                                                                       ^~~~
core/batch_app/metrics.py: note: In function "track_error":
core/batch_app/metrics.py:272: error: Incompatible default for argument
"endpoint" (default has type "None", argument has type "str")  [assignment]
    ...error_type: str, component: str, endpoint: str = None, method: str = N...
                                                        ^~~~
core/batch_app/metrics.py:272: note: PEP 484 prohibits implicit Optional. Accordingly, mypy has changed its default to no_implicit_optional=True
core/batch_app/metrics.py:272: note: Use https://github.com/hauntsaninja/no_implicit_optional to automatically upgrade your codebase
core/batch_app/metrics.py:272: error: Incompatible default for argument
"method" (default has type "None", argument has type "str")  [assignment]
    ..._type: str, component: str, endpoint: str = None, method: str = None):
                                                                       ^~~~
